ERROR 2013/11/06 23:26:56 panic.go:29: hello
/home/herman/go/src/github.com/gojp/nihongo/app/controllers/app.go:198 (0x466d31)
	com/gojp/nihongo/app/controllers.App.Index: log.Panic("hello")
/home/herman/go/src/github.com/gojp/nihongo/app/controllers/app.go:0 (0x467d86)
	com/gojp/nihongo/app/controllers.(*App).Index: ???
/usr/local/go/src/pkg/reflect/value.go:474 (0x43144f)
	Value.call: call(fn, unsafe.Pointer(ptr), uint32(size))
/usr/local/go/src/pkg/reflect/value.go:345 (0x4304ab)
	Value.Call: return v.call("Call", in)
/home/herman/go/src/github.com/robfig/revel/invoker.go:36 (0x449daf)
	com/robfig/revel.ActionInvoker: resultValue = methodValue.Call(methodArgs)[0]
/home/herman/go/src/github.com/robfig/revel/intercept.go:103 (0x448937)
	com/robfig/revel.InterceptorFilter: fc[0](c, fc[1:])
/home/herman/go/src/github.com/robfig/revel/i18n.go:156 (0x448037)
	com/robfig/revel.I18nFilter: fc[0](c, fc[1:])
/home/herman/go/src/github.com/robfig/revel/validation.go:176 (0x45864e)
	com/robfig/revel.ValidationFilter: fc[0](c, fc[1:])
/home/herman/go/src/github.com/robfig/revel/flash.go:37 (0x4455ce)
	com/robfig/revel.FlashFilter: fc[0](c, fc[1:])
/home/herman/go/src/github.com/robfig/revel/session.go:119 (0x454a4c)
	com/robfig/revel.SessionFilter: fc[0](c, fc[1:])
/home/herman/go/src/github.com/robfig/revel/params.go:133 (0x44b378)
	com/robfig/revel.ParamsFilter: fc[0](c, fc[1:])
/home/herman/go/src/github.com/robfig/revel/filterconfig.go:208 (0x445287)
	com/robfig/revel.FilterConfiguringFilter: fc[0](c, fc[1:])
/home/herman/go/src/github.com/robfig/revel/router.go:442 (0x453286)
	com/robfig/revel.RouterFilter: fc[0](c, fc[1:])
/home/herman/go/src/github.com/robfig/revel/panic.go:15 (0x44a195)
	com/robfig/revel.PanicFilter: fc[0](c, fc[1:])
/home/herman/go/src/github.com/robfig/revel/server.go:38 (0x4537db)
	com/robfig/revel.handleInternal: Filters[0](c, Filters[1:])
/home/herman/go/src/github.com/robfig/revel/server.go:26 (0x453530)
	com/robfig/revel.handle: handleInternal(w, r, nil)
/usr/local/go/src/pkg/net/http/server.go:1149 (0x4c8dde)
	HandlerFunc.ServeHTTP: f(w, r)
/usr/local/go/src/pkg/net/http/server.go:1517 (0x4ca85c)
	serverHandler.ServeHTTP: handler.ServeHTTP(rw, req)
/usr/local/go/src/pkg/net/http/server.go:1096 (0x4c8a85)
	(*conn).serve: serverHandler{c.server}.ServeHTTP(w, w.req)
/usr/local/go/src/pkg/runtime/proc.c:1223 (0x419350)
	goexit: runtime·goexit(void)
